BookPrinciplesApp/app/build/intermediates/manifest_merge_blame_file/debug/manifest-merger-blame-debug-report.txt
1<?xml version="1.0" encoding="utf-8"?>
2<manifest xmlns:android="http://schemas.android.com/apk/res/android"
3    package="com.digitalelevations.bookprinciples"
4    android:versionCode="1"
5    android:versionName="1.0.0" >
6
7    <uses-sdk
8        android:minSdkVersion="21"
9        android:targetSdkVersion="33" />
10
11    <uses-permission android:name="android.permission.INTERNET" />
11-->src\main\AndroidManifest.xml:5:5-67
11-->src\main\AndroidManifest.xml:5:22-64
12    <uses-permission android:name="android.permission.ACCESS_NETWORK_STATE" />
12-->src\main\AndroidManifest.xml:6:5-79
12-->src\main\AndroidManifest.xml:6:22-76
13
14    <queries>
14-->[com.google.androidbrowserhelper:androidbrowserhelper:2.5.0] AndroidManifest.xml:26:5-34:15
15        <intent>
15-->[com.google.androidbrowserhelper:androidbrowserhelper:2.5.0] AndroidManifest.xml:27:9-33:18
16            <action android:name="android.intent.action.VIEW" />
16-->src\main\AndroidManifest.xml:37:17-69
16-->src\main\AndroidManifest.xml:37:25-66
17
18            <category android:name="android.intent.category.BROWSABLE" />
18-->src\main\AndroidManifest.xml:39:17-78
18-->src\main\AndroidManifest.xml:39:27-75
19
20            <data android:scheme="https" />
20-->src\main\AndroidManifest.xml:40:17-41:70
20-->src\main\AndroidManifest.xml:40:23-45
21        </intent>
22    </queries>
23
24    <permission
24-->[androidx.core:core:1.9.0] AndroidManifest.xml:22:5-24:47
25        android:name="com.digitalelevations.bookprinciples.DYNAMIC_RECEIVER_NOT_EXPORTED_PERMISSION"
25-->[androidx.core:core:1.9.0] AndroidManifest.xml:23:9-81
26        android:protectionLevel="signature" />
26-->[androidx.core:core:1.9.0] AndroidManifest.xml:24:9-44
27
28    <uses-permission android:name="com.digitalelevations.bookprinciples.DYNAMIC_RECEIVER_NOT_EXPORTED_PERMISSION" />
28-->[androidx.core:core:1.9.0] AndroidManifest.xml:26:5-97
28-->[androidx.core:core:1.9.0] AndroidManifest.xml:26:22-94
29
30    <application
30-->src\main\AndroidManifest.xml:8:5-54:19
31        android:allowBackup="true"
31-->src\main\AndroidManifest.xml:9:9-35
32        android:appComponentFactory="androidx.core.app.CoreComponentFactory"
32-->[androidx.core:core:1.9.0] AndroidManifest.xml:28:18-86
33        android:debuggable="true"
34        android:extractNativeLibs="true"
35        android:icon="@mipmap/ic_launcher"
35-->src\main\AndroidManifest.xml:10:9-43
36        android:label="@string/app_name"
36-->src\main\AndroidManifest.xml:11:9-41
37        android:roundIcon="@mipmap/ic_launcher_round"
37-->src\main\AndroidManifest.xml:12:9-54
38        android:supportsRtl="true"
38-->src\main\AndroidManifest.xml:13:9-35
39        android:theme="@style/AppTheme" >
39-->src\main\AndroidManifest.xml:14:9-40
40        <meta-data
40-->src\main\AndroidManifest.xml:16:9-18:59
41            android:name="asset_statements"
41-->src\main\AndroidManifest.xml:17:13-44
42            android:resource="@string/asset_statements" />
42-->src\main\AndroidManifest.xml:18:13-56
43
44        <activity
44-->src\main\AndroidManifest.xml:20:9-44:20
45            android:name="com.google.androidbrowserhelper.trusted.LauncherActivity"
45-->src\main\AndroidManifest.xml:21:13-84
46            android:exported="true"
46-->src\main\AndroidManifest.xml:22:13-36
47            android:launchMode="singleTask"
47-->src\main\AndroidManifest.xml:23:13-44
48            android:screenOrientation="portrait"
48-->src\main\AndroidManifest.xml:24:13-49
49            android:theme="@style/AppTheme" >
49-->src\main\AndroidManifest.xml:25:13-44
50            <meta-data
50-->src\main\AndroidManifest.xml:27:13-29:93
51                android:name="android.support.customtabs.trusted.DEFAULT_CUSTOM_TABS_SERVICE"
51-->src\main\AndroidManifest.xml:28:17-94
52                android:value="com.google.androidbrowserhelper.trusted.CustomTabsService" />
52-->src\main\AndroidManifest.xml:29:17-90
53
54            <intent-filter>
54-->src\main\AndroidManifest.xml:31:13-34:29
55                <action android:name="android.intent.action.MAIN" />
55-->src\main\AndroidManifest.xml:32:17-69
55-->src\main\AndroidManifest.xml:32:25-66
56
57                <category android:name="android.intent.category.LAUNCHER" />
57-->src\main\AndroidManifest.xml:33:17-77
57-->src\main\AndroidManifest.xml:33:27-74
58            </intent-filter>
59            <intent-filter>
59-->src\main\AndroidManifest.xml:36:13-42:29
60                <action android:name="android.intent.action.VIEW" />
60-->src\main\AndroidManifest.xml:37:17-69
60-->src\main\AndroidManifest.xml:37:25-66
61
62                <category android:name="android.intent.category.DEFAULT" />
62-->src\main\AndroidManifest.xml:38:17-76
62-->src\main\AndroidManifest.xml:38:27-73
63                <category android:name="android.intent.category.BROWSABLE" />
63-->src\main\AndroidManifest.xml:39:17-78
63-->src\main\AndroidManifest.xml:39:27-75
64
65                <data
65-->src\main\AndroidManifest.xml:40:17-41:70
66                    android:host="bright-crepe-8aea7d.netlify.app"
66-->src\main\AndroidManifest.xml:41:21-67
67                    android:scheme="https" />
67-->src\main\AndroidManifest.xml:40:23-45
68            </intent-filter>
69        </activity>
70
71        <service
71-->src\main\AndroidManifest.xml:46:9-52:19
72            android:name="com.google.androidbrowserhelper.trusted.CustomTabsService"
72-->src\main\AndroidManifest.xml:47:13-85
73            android:exported="true" >
73-->src\main\AndroidManifest.xml:48:13-36
74            <intent-filter>
74-->src\main\AndroidManifest.xml:49:13-51:29
75                <action android:name="android.support.customtabs.action.CustomTabsService" />
75-->src\main\AndroidManifest.xml:50:17-94
75-->src\main\AndroidManifest.xml:50:25-91
76            </intent-filter>
77        </service>
78
79        <provider
79-->[androidx.emoji2:emoji2:1.2.0] AndroidManifest.xml:24:9-32:20
80            android:name="androidx.startup.InitializationProvider"
80-->[androidx.emoji2:emoji2:1.2.0] AndroidManifest.xml:25:13-67
81            android:authorities="com.digitalelevations.bookprinciples.androidx-startup"
81-->[androidx.emoji2:emoji2:1.2.0] AndroidManifest.xml:26:13-68
82            android:exported="false" >
82-->[androidx.emoji2:emoji2:1.2.0] AndroidManifest.xml:27:13-37
83            <meta-data
83-->[androidx.emoji2:emoji2:1.2.0] AndroidManifest.xml:29:13-31:52
84                android:name="androidx.emoji2.text.EmojiCompatInitializer"
84-->[androidx.emoji2:emoji2:1.2.0] AndroidManifest.xml:30:17-75
85                android:value="androidx.startup" />
85-->[androidx.emoji2:emoji2:1.2.0] AndroidManifest.xml:31:17-49
86            <meta-data
86-->[androidx.lifecycle:lifecycle-process:2.4.1] AndroidManifest.xml:31:13-33:52
87                android:name="androidx.lifecycle.ProcessLifecycleInitializer"
87-->[androidx.lifecycle:lifecycle-process:2.4.1] AndroidManifest.xml:32:17-78
88                android:value="androidx.startup" />
88-->[androidx.lifecycle:lifecycle-process:2.4.1] AndroidManifest.xml:33:17-49
89        </provider>
90    </application>
91
92</manifest>